<?xml version="1.0" encoding="UTF-8"?>
<testng-results ignored="0" total="2" passed="2" failed="0" skipped="0">
  <reporter-output>
  </reporter-output>
  <suite started-at="2022-10-07T16:17:19 IST" name="Suite" finished-at="2022-10-07T16:17:19 IST" duration-ms="63">
    <groups>
    </groups>
    <test started-at="2022-10-07T16:17:19 IST" name="Test" finished-at="2022-10-07T16:17:19 IST" duration-ms="63">
      <class name="simpleproject.Test_1">
        <test-method signature="verifyLoginWithInvalidCredentials()[pri:0, instance:simpleproject.Test_1@505fc5a4]" started-at="2022-10-07T16:17:19 IST" name="verifyLoginWithInvalidCredentials" finished-at="2022-10-07T16:17:19 IST" duration-ms="11" status="PASS">
          <reporter-output>
          </reporter-output>
        </test-method> <!-- verifyLoginWithInvalidCredentials -->
        <test-method signature="verifyLoginWithNoCredentials()[pri:0, instance:simpleproject.Test_1@505fc5a4]" started-at="2022-10-07T16:17:19 IST" name="verifyLoginWithNoCredentials" finished-at="2022-10-07T16:17:19 IST" duration-ms="1" status="PASS">
          <reporter-output>
          </reporter-output>
        </test-method> <!-- verifyLoginWithNoCredentials -->
      </class> <!-- simpleproject.Test_1 -->
    </test> <!-- Test -->
  </suite> <!-- Suite -->
</testng-results>
